2019-15-04 09:07:34   INFO [ActionsWithOurElements] : test187@t.com was inputed in to input [[ChromeDriver: chrome on XP (4bedd7aa8b9a34c47a31c34b51df396f)] -> name: login]
2019-15-04 09:07:35   INFO [ActionsWithOurElements] : qwerty was inputed in to input [[ChromeDriver: chrome on XP (4bedd7aa8b9a34c47a31c34b51df396f)] -> name: loginpass]
2019-15-04 09:07:35   INFO [ActionsWithOurElements] : Elemet was clicked [[ChromeDriver: chrome on XP (4bedd7aa8b9a34c47a31c34b51df396f)] -> xpath: .//form[ contains(@class ,'ng-valid-email')]/button[contains(@class,'btn-login')]]
2019-15-04 09:07:51  ERROR [ActionsWithOurElements] : Can not work with element
2019-15-04 09:07:51  ERROR [ActionsWithOurElements] : org.openqa.selenium.TimeoutException: Expected condition failed: waiting for element to be clickable: Proxy element for: DefaultElementLocator 'By.xpath: .//span[@data-translate='aside.nav.ACCOUNTS']' (tried for 10 second(s) with 500 milliseconds interval)
	at org.openqa.selenium.support.ui.WebDriverWait.timeoutException(WebDriverWait.java:95)
	at org.openqa.selenium.support.ui.FluentWait.until(FluentWait.java:272)
	at libs.ActionsWithOurElements.clickOnElement(ActionsWithOurElements.java:86)
	at pages.MainPage.openAccountsMenu(MainPage.java:39)
	at accTests.ViewMainAcc.viewMainAccInUAHandUSD(ViewMainAcc.java:16)
	at sun.reflect.NativeMethodAccessorImpl.invoke0(Native Method)
	at sun.reflect.NativeMethodAccessorImpl.invoke(NativeMethodAccessorImpl.java:62)
	at sun.reflect.DelegatingMethodAccessorImpl.invoke(DelegatingMethodAccessorImpl.java:43)
	at java.lang.reflect.Method.invoke(Method.java:498)
	at org.junit.runners.model.FrameworkMethod$1.runReflectiveCall(FrameworkMethod.java:50)
	at org.junit.internal.runners.model.ReflectiveCallable.run(ReflectiveCallable.java:12)
	at org.junit.runners.model.FrameworkMethod.invokeExplosively(FrameworkMethod.java:47)
	at org.junit.internal.runners.statements.InvokeMethod.evaluate(InvokeMethod.java:17)
	at org.junit.runners.ParentRunner.runLeaf(ParentRunner.java:325)
	at org.junit.runners.BlockJUnit4ClassRunner.runChild(BlockJUnit4ClassRunner.java:78)
	at org.junit.runners.BlockJUnit4ClassRunner.runChild(BlockJUnit4ClassRunner.java:57)
	at org.junit.runners.ParentRunner$3.run(ParentRunner.java:290)
	at org.junit.runners.ParentRunner$1.schedule(ParentRunner.java:71)
	at org.junit.runners.ParentRunner.runChildren(ParentRunner.java:288)
	at org.junit.runners.ParentRunner.access$000(ParentRunner.java:58)
	at org.junit.runners.ParentRunner$2.evaluate(ParentRunner.java:268)
	at org.junit.runners.ParentRunner.run(ParentRunner.java:363)
	at org.junit.runner.JUnitCore.run(JUnitCore.java:137)
	at org.junit.runner.JUnitCore.run(JUnitCore.java:115)
	at org.junit.vintage.engine.execution.RunnerExecutor.execute(RunnerExecutor.java:39)
	at java.util.stream.ForEachOps$ForEachOp$OfRef.accept(ForEachOps.java:184)
	at java.util.stream.ReferencePipeline$3$1.accept(ReferencePipeline.java:193)
	at java.util.Iterator.forEachRemaining(Iterator.java:116)
	at java.util.Spliterators$IteratorSpliterator.forEachRemaining(Spliterators.java:1801)
	at java.util.stream.AbstractPipeline.copyInto(AbstractPipeline.java:481)
	at java.util.stream.AbstractPipeline.wrapAndCopyInto(AbstractPipeline.java:471)
	at java.util.stream.ForEachOps$ForEachOp.evaluateSequential(ForEachOps.java:151)
	at java.util.stream.ForEachOps$ForEachOp$OfRef.evaluateSequential(ForEachOps.java:174)
	at java.util.stream.AbstractPipeline.evaluate(AbstractPipeline.java:234)
	at java.util.stream.ReferencePipeline.forEach(ReferencePipeline.java:418)
	at org.junit.vintage.engine.VintageTestEngine.executeAllChildren(VintageTestEngine.java:79)
	at org.junit.vintage.engine.VintageTestEngine.execute(VintageTestEngine.java:70)
	at org.junit.platform.launcher.core.DefaultLauncher.execute(DefaultLauncher.java:170)
	at org.junit.platform.launcher.core.DefaultLauncher.execute(DefaultLauncher.java:154)
	at org.junit.platform.launcher.core.DefaultLauncher.execute(DefaultLauncher.java:90)
	at com.intellij.junit5.JUnit5IdeaTestRunner.startRunnerWithArgs(JUnit5IdeaTestRunner.java:74)
	at com.intellij.rt.execution.junit.IdeaTestRunner$Repeater.startRunnerWithArgs(IdeaTestRunner.java:47)
	at com.intellij.rt.execution.junit.JUnitStarter.prepareStreamsAndStart(JUnitStarter.java:242)
	at com.intellij.rt.execution.junit.JUnitStarter.main(JUnitStarter.java:70)
Caused by: org.openqa.selenium.NoSuchElementException: no such element: Unable to locate element: {"method":"xpath","selector":".//span[@data-translate='aside.nav.ACCOUNTS']"}
  (Session info: chrome=73.0.3683.103)
  (Driver info: chromedriver=2.37.544315 (730aa6a5fdba159ac9f4c1e8cbc59bf1b5ce12b7),platform=Windows NT 10.0.17763 x86_64) (WARNING: The server did not provide any stacktrace information)
Command duration or timeout: 0 milliseconds
For documentation on this error, please visit: https://www.seleniumhq.org/exceptions/no_such_element.html
Build info: version: '3.141.59', revision: 'e82be7d358', time: '2018-11-14T08:17:03'
System info: host: 'DMYTRO-KUTS', ip: '10.10.10.132', os.name: 'Windows 10', os.arch: 'amd64', os.version: '10.0', java.version: '1.8.0_191'
Driver info: org.openqa.selenium.chrome.ChromeDriver
Capabilities {acceptInsecureCerts: false, acceptSslCerts: false, applicationCacheEnabled: false, browserConnectionEnabled: false, browserName: chrome, chrome: {chromedriverVersion: 2.37.544315 (730aa6a5fdba15..., userDataDir: C:\Users\DMYTRO~1.KUT\AppDa...}, cssSelectorsEnabled: true, databaseEnabled: false, handlesAlerts: true, hasTouchScreen: false, javascriptEnabled: true, locationContextEnabled: true, mobileEmulationEnabled: false, nativeEvents: true, networkConnectionEnabled: false, pageLoadStrategy: normal, platform: XP, platformName: XP, rotatable: false, setWindowRect: true, takesHeapSnapshot: true, takesScreenshot: true, unexpectedAlertBehaviour: , unhandledPromptBehavior: , version: 73.0.3683.103, webStorageEnabled: true}
Session ID: 4bedd7aa8b9a34c47a31c34b51df396f
*** Element info: {Using=xpath, value=.//span[@data-translate='aside.nav.ACCOUNTS']}
	at sun.reflect.NativeConstructorAccessorImpl.newInstance0(Native Method)
	at sun.reflect.NativeConstructorAccessorImpl.newInstance(NativeConstructorAccessorImpl.java:62)
	at sun.reflect.DelegatingConstructorAccessorImpl.newInstance(DelegatingConstructorAccessorImpl.java:45)
	at java.lang.reflect.Constructor.newInstance(Constructor.java:423)
	at org.openqa.selenium.remote.ErrorHandler.createThrowable(ErrorHandler.java:214)
	at org.openqa.selenium.remote.ErrorHandler.throwIfResponseFailed(ErrorHandler.java:166)
	at org.openqa.selenium.remote.http.JsonHttpResponseCodec.reconstructValue(JsonHttpResponseCodec.java:40)
	at org.openqa.selenium.remote.http.AbstractHttpResponseCodec.decode(AbstractHttpResponseCodec.java:80)
	at org.openqa.selenium.remote.http.AbstractHttpResponseCodec.decode(AbstractHttpResponseCodec.java:44)
	at org.openqa.selenium.remote.HttpCommandExecutor.execute(HttpCommandExecutor.java:158)
	at org.openqa.selenium.remote.service.DriverCommandExecutor.execute(DriverCommandExecutor.java:83)
	at org.openqa.selenium.remote.RemoteWebDriver.execute(RemoteWebDriver.java:552)
	at org.openqa.selenium.remote.RemoteWebDriver.findElement(RemoteWebDriver.java:323)
	at org.openqa.selenium.remote.RemoteWebDriver.findElementByXPath(RemoteWebDriver.java:428)
	at org.openqa.selenium.By$ByXPath.findElement(By.java:353)
	at org.openqa.selenium.remote.RemoteWebDriver.findElement(RemoteWebDriver.java:315)
	at org.openqa.selenium.support.pagefactory.DefaultElementLocator.findElement(DefaultElementLocator.java:69)
	at org.openqa.selenium.support.pagefactory.internal.LocatingElementHandler.invoke(LocatingElementHandler.java:38)
	at com.sun.proxy.$Proxy15.isDisplayed(Unknown Source)
	at org.openqa.selenium.support.ui.ExpectedConditions.elementIfVisible(ExpectedConditions.java:314)
	at org.openqa.selenium.support.ui.ExpectedConditions.access$000(ExpectedConditions.java:43)
	at org.openqa.selenium.support.ui.ExpectedConditions$10.apply(ExpectedConditions.java:300)
	at org.openqa.selenium.support.ui.ExpectedConditions$10.apply(ExpectedConditions.java:297)
	at org.openqa.selenium.support.ui.ExpectedConditions$23.apply(ExpectedConditions.java:670)
	at org.openqa.selenium.support.ui.ExpectedConditions$23.apply(ExpectedConditions.java:666)
	at org.openqa.selenium.support.ui.FluentWait.until(FluentWait.java:249)
	... 42 more

2019-15-04 09:07:58   INFO [pages.LoginPage] : Login page was open
2019-15-04 09:07:58   INFO [ActionsWithOurElements] : test187@t.com was inputed in to input [[ChromeDriver: chrome on XP (9ce1810bb7201dbeb3f548f01c9678ba)] -> name: login]
2019-15-04 09:07:58   INFO [ActionsWithOurElements] : qwerty was inputed in to input [[ChromeDriver: chrome on XP (9ce1810bb7201dbeb3f548f01c9678ba)] -> name: loginpass]
2019-15-04 09:07:59   INFO [ActionsWithOurElements] : Elemet was clicked [[ChromeDriver: chrome on XP (9ce1810bb7201dbeb3f548f01c9678ba)] -> xpath: .//form[ contains(@class ,'ng-valid-email')]/button[contains(@class,'btn-login')]]
2019-15-04 09:08:09  ERROR [ActionsWithOurElements] : Can not work with element
2019-15-04 09:08:09  ERROR [ActionsWithOurElements] : org.openqa.selenium.NoSuchWindowException: no such window: target window already closed
from unknown error: web view not found
  (Session info: chrome=73.0.3683.103)
  (Driver info: chromedriver=2.37.544315 (730aa6a5fdba159ac9f4c1e8cbc59bf1b5ce12b7),platform=Windows NT 10.0.17763 x86_64) (WARNING: The server did not provide any stacktrace information)
Command duration or timeout: 0 milliseconds
Build info: version: '3.141.59', revision: 'e82be7d358', time: '2018-11-14T08:17:03'
System info: host: 'DMYTRO-KUTS', ip: '10.10.10.132', os.name: 'Windows 10', os.arch: 'amd64', os.version: '10.0', java.version: '1.8.0_191'
Driver info: org.openqa.selenium.chrome.ChromeDriver
Capabilities {acceptInsecureCerts: false, acceptSslCerts: false, applicationCacheEnabled: false, browserConnectionEnabled: false, browserName: chrome, chrome: {chromedriverVersion: 2.37.544315 (730aa6a5fdba15..., userDataDir: C:\Users\DMYTRO~1.KUT\AppDa...}, cssSelectorsEnabled: true, databaseEnabled: false, handlesAlerts: true, hasTouchScreen: false, javascriptEnabled: true, locationContextEnabled: true, mobileEmulationEnabled: false, nativeEvents: true, networkConnectionEnabled: false, pageLoadStrategy: normal, platform: XP, platformName: XP, rotatable: false, setWindowRect: true, takesHeapSnapshot: true, takesScreenshot: true, unexpectedAlertBehaviour: , unhandledPromptBehavior: , version: 73.0.3683.103, webStorageEnabled: true}
Session ID: 9ce1810bb7201dbeb3f548f01c9678ba
*** Element info: {Using=xpath, value=.//span[@data-translate='aside.nav.CORRESPONDENTS']}
	at sun.reflect.NativeConstructorAccessorImpl.newInstance0(Native Method)
	at sun.reflect.NativeConstructorAccessorImpl.newInstance(NativeConstructorAccessorImpl.java:62)
	at sun.reflect.DelegatingConstructorAccessorImpl.newInstance(DelegatingConstructorAccessorImpl.java:45)
	at java.lang.reflect.Constructor.newInstance(Constructor.java:423)
	at org.openqa.selenium.remote.ErrorHandler.createThrowable(ErrorHandler.java:214)
	at org.openqa.selenium.remote.ErrorHandler.throwIfResponseFailed(ErrorHandler.java:166)
	at org.openqa.selenium.remote.http.JsonHttpResponseCodec.reconstructValue(JsonHttpResponseCodec.java:40)
	at org.openqa.selenium.remote.http.AbstractHttpResponseCodec.decode(AbstractHttpResponseCodec.java:80)
	at org.openqa.selenium.remote.http.AbstractHttpResponseCodec.decode(AbstractHttpResponseCodec.java:44)
	at org.openqa.selenium.remote.HttpCommandExecutor.execute(HttpCommandExecutor.java:158)
	at org.openqa.selenium.remote.service.DriverCommandExecutor.execute(DriverCommandExecutor.java:83)
	at org.openqa.selenium.remote.RemoteWebDriver.execute(RemoteWebDriver.java:552)
	at org.openqa.selenium.remote.RemoteWebDriver.findElement(RemoteWebDriver.java:323)
	at org.openqa.selenium.remote.RemoteWebDriver.findElementByXPath(RemoteWebDriver.java:428)
	at org.openqa.selenium.By$ByXPath.findElement(By.java:353)
	at org.openqa.selenium.remote.RemoteWebDriver.findElement(RemoteWebDriver.java:315)
	at org.openqa.selenium.support.pagefactory.DefaultElementLocator.findElement(DefaultElementLocator.java:69)
	at org.openqa.selenium.support.pagefactory.internal.LocatingElementHandler.invoke(LocatingElementHandler.java:38)
	at com.sun.proxy.$Proxy15.toString(Unknown Source)
	at java.lang.String.valueOf(String.java:2994)
	at java.lang.StringBuilder.append(StringBuilder.java:131)
	at org.openqa.selenium.support.ui.ExpectedConditions$23.toString(ExpectedConditions.java:683)
	at java.lang.String.valueOf(String.java:2994)
	at java.lang.StringBuilder.append(StringBuilder.java:131)
	at org.openqa.selenium.support.ui.FluentWait.until(FluentWait.java:268)
	at libs.ActionsWithOurElements.clickOnElement(ActionsWithOurElements.java:86)
	at pages.MainPage.openCorrespondentsMenu(MainPage.java:43)
	at correspondentsTests.OpenCorrMenuAndShowInfo.openCorrMenuAndShowInfo(OpenCorrMenuAndShowInfo.java:15)
	at sun.reflect.NativeMethodAccessorImpl.invoke0(Native Method)
	at sun.reflect.NativeMethodAccessorImpl.invoke(NativeMethodAccessorImpl.java:62)
	at sun.reflect.DelegatingMethodAccessorImpl.invoke(DelegatingMethodAccessorImpl.java:43)
	at java.lang.reflect.Method.invoke(Method.java:498)
	at org.junit.runners.model.FrameworkMethod$1.runReflectiveCall(FrameworkMethod.java:50)
	at org.junit.internal.runners.model.ReflectiveCallable.run(ReflectiveCallable.java:12)
	at org.junit.runners.model.FrameworkMethod.invokeExplosively(FrameworkMethod.java:47)
	at org.junit.internal.runners.statements.InvokeMethod.evaluate(InvokeMethod.java:17)
	at org.junit.runners.ParentRunner.runLeaf(ParentRunner.java:325)
	at org.junit.runners.BlockJUnit4ClassRunner.runChild(BlockJUnit4ClassRunner.java:78)
	at org.junit.runners.BlockJUnit4ClassRunner.runChild(BlockJUnit4ClassRunner.java:57)
	at org.junit.runners.ParentRunner$3.run(ParentRunner.java:290)
	at org.junit.runners.ParentRunner$1.schedule(ParentRunner.java:71)
	at org.junit.runners.ParentRunner.runChildren(ParentRunner.java:288)
	at org.junit.runners.ParentRunner.access$000(ParentRunner.java:58)
	at org.junit.runners.ParentRunner$2.evaluate(ParentRunner.java:268)
	at org.junit.runners.ParentRunner.run(ParentRunner.java:363)
	at org.junit.runner.JUnitCore.run(JUnitCore.java:137)
	at org.junit.runner.JUnitCore.run(JUnitCore.java:115)
	at org.junit.vintage.engine.execution.RunnerExecutor.execute(RunnerExecutor.java:39)
	at java.util.stream.ForEachOps$ForEachOp$OfRef.accept(ForEachOps.java:184)
	at java.util.stream.ReferencePipeline$3$1.accept(ReferencePipeline.java:193)
	at java.util.Iterator.forEachRemaining(Iterator.java:116)
	at java.util.Spliterators$IteratorSpliterator.forEachRemaining(Spliterators.java:1801)
	at java.util.stream.AbstractPipeline.copyInto(AbstractPipeline.java:481)
	at java.util.stream.AbstractPipeline.wrapAndCopyInto(AbstractPipeline.java:471)
	at java.util.stream.ForEachOps$ForEachOp.evaluateSequential(ForEachOps.java:151)
	at java.util.stream.ForEachOps$ForEachOp$OfRef.evaluateSequential(ForEachOps.java:174)
	at java.util.stream.AbstractPipeline.evaluate(AbstractPipeline.java:234)
	at java.util.stream.ReferencePipeline.forEach(ReferencePipeline.java:418)
	at org.junit.vintage.engine.VintageTestEngine.executeAllChildren(VintageTestEngine.java:79)
	at org.junit.vintage.engine.VintageTestEngine.execute(VintageTestEngine.java:70)
	at org.junit.platform.launcher.core.DefaultLauncher.execute(DefaultLauncher.java:170)
	at org.junit.platform.launcher.core.DefaultLauncher.execute(DefaultLauncher.java:154)
	at org.junit.platform.launcher.core.DefaultLauncher.execute(DefaultLauncher.java:90)
	at com.intellij.junit5.JUnit5IdeaTestRunner.startRunnerWithArgs(JUnit5IdeaTestRunner.java:74)
	at com.intellij.rt.execution.junit.IdeaTestRunner$Repeater.startRunnerWithArgs(IdeaTestRunner.java:47)
	at com.intellij.rt.execution.junit.JUnitStarter.prepareStreamsAndStart(JUnitStarter.java:242)
	at com.intellij.rt.execution.junit.JUnitStarter.main(JUnitStarter.java:70)

2019-15-04 09:44:21   INFO [pages.LoginPage] : Login page was open
2019-15-04 09:44:22   INFO [ActionsWithOurElements] : test187@t.com was inputed in to input [[ChromeDriver: chrome on XP (7153a5f8944f62fbdf91a02525f8394e)] -> name: login]
2019-15-04 09:44:22   INFO [ActionsWithOurElements] : qwerty was inputed in to input [[ChromeDriver: chrome on XP (7153a5f8944f62fbdf91a02525f8394e)] -> name: loginpass]
2019-15-04 09:44:23   INFO [ActionsWithOurElements] : Elemet was clicked [[ChromeDriver: chrome on XP (7153a5f8944f62fbdf91a02525f8394e)] -> xpath: .//form[ contains(@class ,'ng-valid-email')]/button[contains(@class,'btn-login')]]
2019-15-04 09:44:38  ERROR [ActionsWithOurElements] : Can not work with element
2019-15-04 09:44:38  ERROR [ActionsWithOurElements] : org.openqa.selenium.TimeoutException: Expected condition failed: waiting for element to be clickable: Proxy element for: DefaultElementLocator 'By.xpath: .//span[@data-translate='aside.nav.ACCOUNTS']' (tried for 10 second(s) with 500 milliseconds interval)
	at org.openqa.selenium.support.ui.WebDriverWait.timeoutException(WebDriverWait.java:95)
	at org.openqa.selenium.support.ui.FluentWait.until(FluentWait.java:272)
	at libs.ActionsWithOurElements.clickOnElement(ActionsWithOurElements.java:86)
	at pages.MainPage.openAccountsMenu(MainPage.java:39)
	at accTests.ViewMainAcc.viewMainAccInUAHandUSD(ViewMainAcc.java:16)
	at sun.reflect.NativeMethodAccessorImpl.invoke0(Native Method)
	at sun.reflect.NativeMethodAccessorImpl.invoke(NativeMethodAccessorImpl.java:62)
	at sun.reflect.DelegatingMethodAccessorImpl.invoke(DelegatingMethodAccessorImpl.java:43)
	at java.lang.reflect.Method.invoke(Method.java:498)
	at org.junit.runners.model.FrameworkMethod$1.runReflectiveCall(FrameworkMethod.java:50)
	at org.junit.internal.runners.model.ReflectiveCallable.run(ReflectiveCallable.java:12)
	at org.junit.runners.model.FrameworkMethod.invokeExplosively(FrameworkMethod.java:47)
	at org.junit.internal.runners.statements.InvokeMethod.evaluate(InvokeMethod.java:17)
	at org.junit.runners.ParentRunner.runLeaf(ParentRunner.java:325)
	at org.junit.runners.BlockJUnit4ClassRunner.runChild(BlockJUnit4ClassRunner.java:78)
	at org.junit.runners.BlockJUnit4ClassRunner.runChild(BlockJUnit4ClassRunner.java:57)
	at org.junit.runners.ParentRunner$3.run(ParentRunner.java:290)
	at org.junit.runners.ParentRunner$1.schedule(ParentRunner.java:71)
	at org.junit.runners.ParentRunner.runChildren(ParentRunner.java:288)
	at org.junit.runners.ParentRunner.access$000(ParentRunner.java:58)
	at org.junit.runners.ParentRunner$2.evaluate(ParentRunner.java:268)
	at org.junit.runners.ParentRunner.run(ParentRunner.java:363)
	at org.junit.runner.JUnitCore.run(JUnitCore.java:137)
	at org.junit.runner.JUnitCore.run(JUnitCore.java:115)
	at org.junit.vintage.engine.execution.RunnerExecutor.execute(RunnerExecutor.java:39)
	at java.util.stream.ForEachOps$ForEachOp$OfRef.accept(ForEachOps.java:184)
	at java.util.stream.ReferencePipeline$3$1.accept(ReferencePipeline.java:193)
	at java.util.Iterator.forEachRemaining(Iterator.java:116)
	at java.util.Spliterators$IteratorSpliterator.forEachRemaining(Spliterators.java:1801)
	at java.util.stream.AbstractPipeline.copyInto(AbstractPipeline.java:481)
	at java.util.stream.AbstractPipeline.wrapAndCopyInto(AbstractPipeline.java:471)
	at java.util.stream.ForEachOps$ForEachOp.evaluateSequential(ForEachOps.java:151)
	at java.util.stream.ForEachOps$ForEachOp$OfRef.evaluateSequential(ForEachOps.java:174)
	at java.util.stream.AbstractPipeline.evaluate(AbstractPipeline.java:234)
	at java.util.stream.ReferencePipeline.forEach(ReferencePipeline.java:418)
	at org.junit.vintage.engine.VintageTestEngine.executeAllChildren(VintageTestEngine.java:79)
	at org.junit.vintage.engine.VintageTestEngine.execute(VintageTestEngine.java:70)
	at org.junit.platform.launcher.core.DefaultLauncher.execute(DefaultLauncher.java:170)
	at org.junit.platform.launcher.core.DefaultLauncher.execute(DefaultLauncher.java:154)
	at org.junit.platform.launcher.core.DefaultLauncher.execute(DefaultLauncher.java:90)
	at com.intellij.junit5.JUnit5IdeaTestRunner.startRunnerWithArgs(JUnit5IdeaTestRunner.java:74)
	at com.intellij.rt.execution.junit.IdeaTestRunner$Repeater.startRunnerWithArgs(IdeaTestRunner.java:47)
	at com.intellij.rt.execution.junit.JUnitStarter.prepareStreamsAndStart(JUnitStarter.java:242)
	at com.intellij.rt.execution.junit.JUnitStarter.main(JUnitStarter.java:70)
Caused by: org.openqa.selenium.NoSuchElementException: no such element: Unable to locate element: {"method":"xpath","selector":".//span[@data-translate='aside.nav.ACCOUNTS']"}
  (Session info: chrome=73.0.3683.103)
  (Driver info: chromedriver=2.37.544315 (730aa6a5fdba159ac9f4c1e8cbc59bf1b5ce12b7),platform=Windows NT 10.0.17763 x86_64) (WARNING: The server did not provide any stacktrace information)
Command duration or timeout: 0 milliseconds
For documentation on this error, please visit: https://www.seleniumhq.org/exceptions/no_such_element.html
Build info: version: '3.141.59', revision: 'e82be7d358', time: '2018-11-14T08:17:03'
System info: host: 'DMYTRO-KUTS', ip: '10.10.10.132', os.name: 'Windows 10', os.arch: 'amd64', os.version: '10.0', java.version: '1.8.0_191'
Driver info: org.openqa.selenium.chrome.ChromeDriver
Capabilities {acceptInsecureCerts: false, acceptSslCerts: false, applicationCacheEnabled: false, browserConnectionEnabled: false, browserName: chrome, chrome: {chromedriverVersion: 2.37.544315 (730aa6a5fdba15..., userDataDir: C:\Users\DMYTRO~1.KUT\AppDa...}, cssSelectorsEnabled: true, databaseEnabled: false, handlesAlerts: true, hasTouchScreen: false, javascriptEnabled: true, locationContextEnabled: true, mobileEmulationEnabled: false, nativeEvents: true, networkConnectionEnabled: false, pageLoadStrategy: normal, platform: XP, platformName: XP, rotatable: false, setWindowRect: true, takesHeapSnapshot: true, takesScreenshot: true, unexpectedAlertBehaviour: , unhandledPromptBehavior: , version: 73.0.3683.103, webStorageEnabled: true}
Session ID: 7153a5f8944f62fbdf91a02525f8394e
*** Element info: {Using=xpath, value=.//span[@data-translate='aside.nav.ACCOUNTS']}
	at sun.reflect.NativeConstructorAccessorImpl.newInstance0(Native Method)
	at sun.reflect.NativeConstructorAccessorImpl.newInstance(NativeConstructorAccessorImpl.java:62)
	at sun.reflect.DelegatingConstructorAccessorImpl.newInstance(DelegatingConstructorAccessorImpl.java:45)
	at java.lang.reflect.Constructor.newInstance(Constructor.java:423)
	at org.openqa.selenium.remote.ErrorHandler.createThrowable(ErrorHandler.java:214)
	at org.openqa.selenium.remote.ErrorHandler.throwIfResponseFailed(ErrorHandler.java:166)
	at org.openqa.selenium.remote.http.JsonHttpResponseCodec.reconstructValue(JsonHttpResponseCodec.java:40)
	at org.openqa.selenium.remote.http.AbstractHttpResponseCodec.decode(AbstractHttpResponseCodec.java:80)
	at org.openqa.selenium.remote.http.AbstractHttpResponseCodec.decode(AbstractHttpResponseCodec.java:44)
	at org.openqa.selenium.remote.HttpCommandExecutor.execute(HttpCommandExecutor.java:158)
	at org.openqa.selenium.remote.service.DriverCommandExecutor.execute(DriverCommandExecutor.java:83)
	at org.openqa.selenium.remote.RemoteWebDriver.execute(RemoteWebDriver.java:552)
	at org.openqa.selenium.remote.RemoteWebDriver.findElement(RemoteWebDriver.java:323)
	at org.openqa.selenium.remote.RemoteWebDriver.findElementByXPath(RemoteWebDriver.java:428)
	at org.openqa.selenium.By$ByXPath.findElement(By.java:353)
	at org.openqa.selenium.remote.RemoteWebDriver.findElement(RemoteWebDriver.java:315)
	at org.openqa.selenium.support.pagefactory.DefaultElementLocator.findElement(DefaultElementLocator.java:69)
	at org.openqa.selenium.support.pagefactory.internal.LocatingElementHandler.invoke(LocatingElementHandler.java:38)
	at com.sun.proxy.$Proxy15.isDisplayed(Unknown Source)
	at org.openqa.selenium.support.ui.ExpectedConditions.elementIfVisible(ExpectedConditions.java:314)
	at org.openqa.selenium.support.ui.ExpectedConditions.access$000(ExpectedConditions.java:43)
	at org.openqa.selenium.support.ui.ExpectedConditions$10.apply(ExpectedConditions.java:300)
	at org.openqa.selenium.support.ui.ExpectedConditions$10.apply(ExpectedConditions.java:297)
	at org.openqa.selenium.support.ui.ExpectedConditions$23.apply(ExpectedConditions.java:670)
	at org.openqa.selenium.support.ui.ExpectedConditions$23.apply(ExpectedConditions.java:666)
	at org.openqa.selenium.support.ui.FluentWait.until(FluentWait.java:249)
	... 42 more

2019-15-04 09:44:44   INFO [pages.LoginPage] : Login page was open
2019-15-04 09:44:45   INFO [ActionsWithOurElements] : test187@t.com was inputed in to input [[ChromeDriver: chrome on XP (f62bb774c2974d8ecf2bb055aaa8f62c)] -> name: login]
2019-15-04 09:44:45   INFO [ActionsWithOurElements] : qwerty was inputed in to input [[ChromeDriver: chrome on XP (f62bb774c2974d8ecf2bb055aaa8f62c)] -> name: loginpass]
2019-15-04 09:44:46   INFO [ActionsWithOurElements] : Elemet was clicked [[ChromeDriver: chrome on XP (f62bb774c2974d8ecf2bb055aaa8f62c)] -> xpath: .//form[ contains(@class ,'ng-valid-email')]/button[contains(@class,'btn-login')]]
2019-15-04 09:44:52   INFO [ActionsWithOurElements] : Elemet was clicked [[ChromeDriver: chrome on XP (f62bb774c2974d8ecf2bb055aaa8f62c)] -> xpath: .//span[@data-translate='aside.nav.CORRESPONDENTS']]
2019-15-04 09:44:58   INFO [ActionsWithOurElements] : Elemet was clicked [[ChromeDriver: chrome on XP (f62bb774c2974d8ecf2bb055aaa8f62c)] -> xpath: .//*[@class='fa fa-chevron-right']]
2019-15-04 09:44:58   INFO [ActionsWithOurElements] : Is Element Present ? - true
2019-15-04 09:45:05   INFO [pages.LoginPage] : Login page was open
2019-15-04 09:45:05   INFO [ActionsWithOurElements] : abr@ub.com was inputed in to input [[ChromeDriver: chrome on XP (789854c489fd60732de1abdc6f65a4e4)] -> name: login]
2019-15-04 09:45:06   INFO [ActionsWithOurElements] : qwerty was inputed in to input [[ChromeDriver: chrome on XP (789854c489fd60732de1abdc6f65a4e4)] -> name: loginpass]
2019-15-04 09:45:07   INFO [ActionsWithOurElements] : Elemet was clicked [[ChromeDriver: chrome on XP (789854c489fd60732de1abdc6f65a4e4)] -> xpath: .//form[ contains(@class ,'ng-valid-email')]/button[contains(@class,'btn-login')]]
2019-15-04 09:45:07   INFO [ActionsWithOurElements] : Is Element Present ? - true
2019-15-04 09:45:17   INFO [pages.LoginPage] : Login page was open
2019-15-04 09:45:17   INFO [ActionsWithOurElements] : test187@t.com was inputed in to input [[ChromeDriver: chrome on XP (50cf0905b1bfab40abc495b07e9e723e)] -> name: login]
2019-15-04 09:45:17   INFO [ActionsWithOurElements] : qwerty was inputed in to input [[ChromeDriver: chrome on XP (50cf0905b1bfab40abc495b07e9e723e)] -> name: loginpass]
2019-15-04 09:45:18   INFO [ActionsWithOurElements] : Elemet was clicked [[ChromeDriver: chrome on XP (50cf0905b1bfab40abc495b07e9e723e)] -> xpath: .//form[ contains(@class ,'ng-valid-email')]/button[contains(@class,'btn-login')]]
2019-15-04 09:45:19   INFO [ActionsWithOurElements] : Is Element Present ? - true
2019-15-04 09:45:30   INFO [pages.LoginPage] : Login page was open
2019-15-04 09:45:31   INFO [ActionsWithOurElements] : test187@t.com was inputed in to input [[ChromeDriver: chrome on XP (bb2e18ef6175a34173549300b1b9973a)] -> name: login]
2019-15-04 09:45:31   INFO [ActionsWithOurElements] : qwerty was inputed in to input [[ChromeDriver: chrome on XP (bb2e18ef6175a34173549300b1b9973a)] -> name: loginpass]
2019-15-04 09:45:32   INFO [ActionsWithOurElements] : Elemet was clicked [[ChromeDriver: chrome on XP (bb2e18ef6175a34173549300b1b9973a)] -> xpath: .//form[ contains(@class ,'ng-valid-email')]/button[contains(@class,'btn-login')]]
2019-15-04 09:45:33   INFO [ActionsWithOurElements] : Is Element Present ? - true
2019-15-04 09:45:34   INFO [ActionsWithOurElements] : Elemet was clicked [[ChromeDriver: chrome on XP (bb2e18ef6175a34173549300b1b9973a)] -> xpath: .//*[@data-translate= 'aside.nav.DOCUMENTS']]
2019-15-04 09:45:35   INFO [ActionsWithOurElements] : Elemet was clicked [[ChromeDriver: chrome on XP (bb2e18ef6175a34173549300b1b9973a)] -> xpath: .//a[@href='/payments/new/within-mfo/']]
2019-15-04 09:45:37   INFO [ActionsWithOurElements] : 20 was inputed in to input [[ChromeDriver: chrome on XP (bb2e18ef6175a34173549300b1b9973a)] -> name: Amount]
2019-15-04 09:45:38   INFO [ActionsWithOurElements] : New payment between accs by selenium was inputed in to input [[ChromeDriver: chrome on XP (bb2e18ef6175a34173549300b1b9973a)] -> name: purpose]
2019-15-04 09:45:38   INFO [ActionsWithOurElements] : Elemet was clicked [[ChromeDriver: chrome on XP (bb2e18ef6175a34173549300b1b9973a)] -> xpath: .//button[@data-translate='components.pay.confirm']]
2019-15-04 09:45:39   INFO [ActionsWithOurElements] : Elemet was clicked [[ChromeDriver: chrome on XP (bb2e18ef6175a34173549300b1b9973a)] -> xpath: .//button[@data-translate='shared.Yes']]
2019-15-04 09:45:39   INFO [ActionsWithOurElements] : Elemet was clicked [[ChromeDriver: chrome on XP (bb2e18ef6175a34173549300b1b9973a)] -> xpath: .//button[@data-translate='components.pay.save']]
2019-15-04 09:45:41   INFO [ActionsWithOurElements] : Is Element Present ? - true
2019-15-04 09:45:52   INFO [pages.LoginPage] : Login page was open
2019-15-04 09:45:53   INFO [ActionsWithOurElements] : test187@t.com was inputed in to input [[ChromeDriver: chrome on XP (6531dcfd2c0711d02280733f9a3e9555)] -> name: login]
2019-15-04 09:45:53   INFO [ActionsWithOurElements] : qwerty was inputed in to input [[ChromeDriver: chrome on XP (6531dcfd2c0711d02280733f9a3e9555)] -> name: loginpass]
2019-15-04 09:45:54   INFO [ActionsWithOurElements] : Elemet was clicked [[ChromeDriver: chrome on XP (6531dcfd2c0711d02280733f9a3e9555)] -> xpath: .//form[ contains(@class ,'ng-valid-email')]/button[contains(@class,'btn-login')]]
2019-15-04 09:45:55   INFO [ActionsWithOurElements] : Is Element Present ? - true
2019-15-04 09:45:56   INFO [ActionsWithOurElements] : Elemet was clicked [[ChromeDriver: chrome on XP (6531dcfd2c0711d02280733f9a3e9555)] -> xpath: .//*[@data-translate= 'aside.nav.DOCUMENTS']]
2019-15-04 09:45:58   INFO [ActionsWithOurElements] : Elemet was clicked [[ChromeDriver: chrome on XP (6531dcfd2c0711d02280733f9a3e9555)] -> xpath: .//a[@href='/payments/new/within-mfo/']]
2019-15-04 09:45:59   INFO [ActionsWithOurElements] : Elemet was clicked [[ChromeDriver: chrome on XP (6531dcfd2c0711d02280733f9a3e9555)] -> xpath: .//a[@href='/payments/new/within-country/']]
2019-15-04 09:46:00   INFO [ActionsWithOurElements] : Elemet was clicked [[ChromeDriver: chrome on XP (6531dcfd2c0711d02280733f9a3e9555)] -> xpath: .//*[@class='ui-select-match-text pull-left']]
2019-15-04 09:46:06   INFO [ActionsWithOurElements] : Elemet was clicked Proxy element for: DefaultElementLocator 'By.xpath: .//span[contains(@class, 'ng-binding ng-scope') and text() = 'РАХУНОК 26250500949926 ']'
2019-15-04 09:46:06   INFO [ActionsWithOurElements] : Elemet was clicked [[ChromeDriver: chrome on XP (6531dcfd2c0711d02280733f9a3e9555)] -> xpath: .//*[@class='btn ng-scope']]
2019-15-04 09:46:07   INFO [ActionsWithOurElements] : Elemet was clicked [[ChromeDriver: chrome on XP (6531dcfd2c0711d02280733f9a3e9555)] -> xpath: .//*[@class='ng-binding' and text() = '260013011065']]
2019-15-04 09:46:07   INFO [ActionsWithOurElements] : 48.84 was inputed in to input [[ChromeDriver: chrome on XP (6531dcfd2c0711d02280733f9a3e9555)] -> name: Amount]
2019-15-04 09:46:08   INFO [ActionsWithOurElements] : New payment in Ukraine by selenium was inputed in to input [[ChromeDriver: chrome on XP (6531dcfd2c0711d02280733f9a3e9555)] -> name: purpose]
2019-15-04 09:46:08   INFO [ActionsWithOurElements] : Elemet was clicked [[ChromeDriver: chrome on XP (6531dcfd2c0711d02280733f9a3e9555)] -> xpath: .//button[@data-translate='components.pay.confirm']]
2019-15-04 09:46:08   INFO [ActionsWithOurElements] : Elemet was clicked [[ChromeDriver: chrome on XP (6531dcfd2c0711d02280733f9a3e9555)] -> xpath: .//button[@data-translate='components.pay.save']]
2019-15-04 09:46:10   INFO [ActionsWithOurElements] : Is Element Present ? - true
2019-15-04 09:46:21   INFO [pages.LoginPage] : Login page was open
2019-15-04 09:46:22   INFO [ActionsWithOurElements] : test187@t.com was inputed in to input [[ChromeDriver: chrome on XP (102077c7cb9879286ec73ca5639fa7f5)] -> name: login]
2019-15-04 09:46:23   INFO [ActionsWithOurElements] : qwerty was inputed in to input [[ChromeDriver: chrome on XP (102077c7cb9879286ec73ca5639fa7f5)] -> name: loginpass]
2019-15-04 09:46:23   INFO [ActionsWithOurElements] : Elemet was clicked [[ChromeDriver: chrome on XP (102077c7cb9879286ec73ca5639fa7f5)] -> xpath: .//form[ contains(@class ,'ng-valid-email')]/button[contains(@class,'btn-login')]]
2019-15-04 09:46:24   INFO [ActionsWithOurElements] : Is Element Present ? - true
2019-15-04 09:46:25   INFO [ActionsWithOurElements] : Elemet was clicked [[ChromeDriver: chrome on XP (102077c7cb9879286ec73ca5639fa7f5)] -> xpath: .//*[@data-translate= 'aside.nav.DOCUMENTS']]
2019-15-04 09:46:27   INFO [ActionsWithOurElements] : Elemet was clicked [[ChromeDriver: chrome on XP (102077c7cb9879286ec73ca5639fa7f5)] -> xpath: .//a[@href='/payments/new/within-mfo/']]
2019-15-04 09:46:28   INFO [ActionsWithOurElements] : Elemet was clicked [[ChromeDriver: chrome on XP (102077c7cb9879286ec73ca5639fa7f5)] -> xpath: .//*[contains(@ui-sref, 'app.payments.create.swift')]]
2019-15-04 09:46:29   INFO [ActionsWithOurElements] : Elemet was clicked [[ChromeDriver: chrome on XP (102077c7cb9879286ec73ca5639fa7f5)] -> xpath: (.//div[contains(@class, 'panel-title ng-binding')])[1]]
2019-15-04 09:46:30   INFO [ActionsWithOurElements] : Elemet was clicked [[ChromeDriver: chrome on XP (102077c7cb9879286ec73ca5639fa7f5)] -> xpath: (.//*[contains(@class, 'ui-select-toggle')])[1]]
2019-15-04 09:46:31   INFO [ActionsWithOurElements] : Elemet was clicked [[ChromeDriver: chrome on XP (102077c7cb9879286ec73ca5639fa7f5)] -> xpath: .//*[@class= 'ng-binding'and text() = 'EUR']]
2019-15-04 09:46:31   INFO [ActionsWithOurElements] : 100 was inputed in to input [[ChromeDriver: chrome on XP (102077c7cb9879286ec73ca5639fa7f5)] -> name: Amount]
2019-15-04 09:46:32   INFO [ActionsWithOurElements] : 14/14/1988 new swift by Selenium was inputed in to input [[ChromeDriver: chrome on XP (102077c7cb9879286ec73ca5639fa7f5)] -> name: Purpose]
2019-15-04 09:46:33   INFO [ActionsWithOurElements] : Test SWIFT created by Selenium was inputed in to input [[ChromeDriver: chrome on XP (102077c7cb9879286ec73ca5639fa7f5)] -> name: Other]
2019-15-04 09:46:33   INFO [ActionsWithOurElements] : Elemet was clicked [[ChromeDriver: chrome on XP (102077c7cb9879286ec73ca5639fa7f5)] -> xpath: (.//button[@type='submit'])[1]]
2019-15-04 09:46:34   INFO [ActionsWithOurElements] : Elemet was clicked [[ChromeDriver: chrome on XP (102077c7cb9879286ec73ca5639fa7f5)] -> xpath: .//button[@data-translate='shared.Yes']]
2019-15-04 09:46:34   INFO [ActionsWithOurElements] : Elemet was clicked [[ChromeDriver: chrome on XP (102077c7cb9879286ec73ca5639fa7f5)] -> xpath: (.//*[@aria-label='Select box activate'])[2]]
2019-15-04 09:46:40   INFO [ActionsWithOurElements] : Elemet was clicked Proxy element for: DefaultElementLocator 'By.xpath: .//b[contains(@class, 'ng-binding') and text() = '26006301300598']'
2019-15-04 09:46:40   INFO [ActionsWithOurElements] : Elemet was clicked [[ChromeDriver: chrome on XP (102077c7cb9879286ec73ca5639fa7f5)] -> xpath: (.//div[contains(@class, 'panel-title ng-binding')])[3]]
2019-15-04 09:46:41   INFO [ActionsWithOurElements] : Elemet was clicked [[ChromeDriver: chrome on XP (102077c7cb9879286ec73ca5639fa7f5)] -> xpath: //span[@data-translate = 'components.pay.swift.intermediaryBankPresent']]
2019-15-04 09:46:41   INFO [ActionsWithOurElements] : Selenuum Bank Swift was inputed in to input [[ChromeDriver: chrome on XP (102077c7cb9879286ec73ca5639fa7f5)] -> xpath: //input[@name= 'IntermediaryBankName']]
2019-15-04 09:46:42   INFO [ActionsWithOurElements] : Selenium #SWIFT was inputed in to input [[ChromeDriver: chrome on XP (102077c7cb9879286ec73ca5639fa7f5)] -> xpath: //input[@name= 'IntermediaryBankSwift']]
2019-15-04 09:46:42   INFO [ActionsWithOurElements] : Selenium Location Swift was inputed in to input [[ChromeDriver: chrome on XP (102077c7cb9879286ec73ca5639fa7f5)] -> xpath: //input[@name= 'IntermediaryBankLocation']]
2019-15-04 09:46:43   INFO [ActionsWithOurElements] : Elemet was clicked [[ChromeDriver: chrome on XP (102077c7cb9879286ec73ca5639fa7f5)] -> xpath: (.//div[contains(@class, 'panel-title ng-binding')])[4]]
2019-15-04 09:46:43   INFO [ActionsWithOurElements] : 260454545454545454 was inputed in to input [[ChromeDriver: chrome on XP (102077c7cb9879286ec73ca5639fa7f5)] -> xpath: //input[@name= 'BeneficiaryAccountNumber']]
2019-15-04 09:46:44   INFO [ActionsWithOurElements] : UA8855300465260056565656 was inputed in to input [[ChromeDriver: chrome on XP (102077c7cb9879286ec73ca5639fa7f5)] -> xpath: //input[@name= 'BenificiaryIBANNumber']]
2019-15-04 09:46:44   INFO [ActionsWithOurElements] : Benef Name Selenium  was inputed in to input [[ChromeDriver: chrome on XP (102077c7cb9879286ec73ca5639fa7f5)] -> xpath: //input[@name= 'BeneficiaryName']]
2019-15-04 09:46:45   INFO [ActionsWithOurElements] : Location Selenium was inputed in to input [[ChromeDriver: chrome on XP (102077c7cb9879286ec73ca5639fa7f5)] -> xpath: //input[@name= 'BeneficiaryLocation']]
2019-15-04 09:46:45   INFO [ActionsWithOurElements] : SeleniumCorBank was inputed in to input [[ChromeDriver: chrome on XP (102077c7cb9879286ec73ca5639fa7f5)] -> xpath: //input[@name= 'BeneficiaryBankCorrAccount']]
2019-15-04 09:46:46   INFO [ActionsWithOurElements] : ASSET ALLOCATION ADVISORS SA was inputed in to input [[ChromeDriver: chrome on XP (102077c7cb9879286ec73ca5639fa7f5)] -> xpath: //input[@name= 'BeneficiaryBankName']]
2019-15-04 09:46:46   INFO [ActionsWithOurElements] : AAADFRP1XXX was inputed in to input [[ChromeDriver: chrome on XP (102077c7cb9879286ec73ca5639fa7f5)] -> xpath: //input[@name= 'BeneficiaryBankSWIFT']]
2019-15-04 09:46:47   INFO [ActionsWithOurElements] : FRANCE, PARIS, 3, AVENUE HOCHE CHEZ NSM CHEZ NSM 75008 PARIS was inputed in to input [[ChromeDriver: chrome on XP (102077c7cb9879286ec73ca5639fa7f5)] -> xpath: //input[@name= 'BenificiaryBankLocation']]
2019-15-04 09:46:47   INFO [ActionsWithOurElements] : Elemet was clicked [[ChromeDriver: chrome on XP (102077c7cb9879286ec73ca5639fa7f5)] -> xpath: .//*[@class='ac-menu-item ng-scope']]
2019-15-04 09:46:48   INFO [ActionsWithOurElements] : Elemet was clicked [[ChromeDriver: chrome on XP (102077c7cb9879286ec73ca5639fa7f5)] -> xpath: (.//button[@type='submit'])[4]]
2019-15-04 09:46:48   INFO [ActionsWithOurElements] : Elemet was clicked [[ChromeDriver: chrome on XP (102077c7cb9879286ec73ca5639fa7f5)] -> xpath: .//*[contains(@ng-click, 'ONSIGN')]]
2019-15-04 15:30:32   INFO [pages.LoginPage] : Login page was open
2019-15-04 15:30:34   INFO [ActionsWithOurElements] : test187@t.com was inputed in to input [[ChromeDriver: chrome on XP (74e8cf43eff01d001709e30a111a49c0)] -> name: login]
2019-15-04 15:30:34   INFO [ActionsWithOurElements] : qwerty was inputed in to input [[ChromeDriver: chrome on XP (74e8cf43eff01d001709e30a111a49c0)] -> name: loginpass]
2019-15-04 15:30:35   INFO [ActionsWithOurElements] : Elemet was clicked [[ChromeDriver: chrome on XP (74e8cf43eff01d001709e30a111a49c0)] -> xpath: .//form[ contains(@class ,'ng-valid-email')]/button[contains(@class,'btn-login')]]
2019-15-04 15:30:50  ERROR [ActionsWithOurElements] : Can not work with element
2019-15-04 15:30:50  ERROR [ActionsWithOurElements] : org.openqa.selenium.TimeoutException: Expected condition failed: waiting for element to be clickable: [[ChromeDriver: chrome on XP (74e8cf43eff01d001709e30a111a49c0)] -> xpath: .//span[@data-translate='aside.nav.ACCOUNTS']] (tried for 10 second(s) with 500 milliseconds interval)
	at org.openqa.selenium.support.ui.WebDriverWait.timeoutException(WebDriverWait.java:95)
	at org.openqa.selenium.support.ui.FluentWait.until(FluentWait.java:272)
	at libs.ActionsWithOurElements.clickOnElement(ActionsWithOurElements.java:86)
	at pages.MainPage.openAccountsMenu(MainPage.java:39)
	at accTests.ViewMainAcc.viewMainAccInUAHandUSD(ViewMainAcc.java:16)
	at sun.reflect.NativeMethodAccessorImpl.invoke0(Native Method)
	at sun.reflect.NativeMethodAccessorImpl.invoke(NativeMethodAccessorImpl.java:62)
	at sun.reflect.DelegatingMethodAccessorImpl.invoke(DelegatingMethodAccessorImpl.java:43)
	at java.lang.reflect.Method.invoke(Method.java:498)
	at org.junit.runners.model.FrameworkMethod$1.runReflectiveCall(FrameworkMethod.java:50)
	at org.junit.internal.runners.model.ReflectiveCallable.run(ReflectiveCallable.java:12)
	at org.junit.runners.model.FrameworkMethod.invokeExplosively(FrameworkMethod.java:47)
	at org.junit.internal.runners.statements.InvokeMethod.evaluate(InvokeMethod.java:17)
	at org.junit.runners.ParentRunner.runLeaf(ParentRunner.java:325)
	at org.junit.runners.BlockJUnit4ClassRunner.runChild(BlockJUnit4ClassRunner.java:78)
	at org.junit.runners.BlockJUnit4ClassRunner.runChild(BlockJUnit4ClassRunner.java:57)
	at org.junit.runners.ParentRunner$3.run(ParentRunner.java:290)
	at org.junit.runners.ParentRunner$1.schedule(ParentRunner.java:71)
	at org.junit.runners.ParentRunner.runChildren(ParentRunner.java:288)
	at org.junit.runners.ParentRunner.access$000(ParentRunner.java:58)
	at org.junit.runners.ParentRunner$2.evaluate(ParentRunner.java:268)
	at org.junit.runners.ParentRunner.run(ParentRunner.java:363)
	at org.junit.runner.JUnitCore.run(JUnitCore.java:137)
	at org.junit.runner.JUnitCore.run(JUnitCore.java:115)
	at org.junit.vintage.engine.execution.RunnerExecutor.execute(RunnerExecutor.java:39)
	at java.util.stream.ForEachOps$ForEachOp$OfRef.accept(ForEachOps.java:184)
	at java.util.stream.ReferencePipeline$3$1.accept(ReferencePipeline.java:193)
	at java.util.Iterator.forEachRemaining(Iterator.java:116)
	at java.util.Spliterators$IteratorSpliterator.forEachRemaining(Spliterators.java:1801)
	at java.util.stream.AbstractPipeline.copyInto(AbstractPipeline.java:481)
	at java.util.stream.AbstractPipeline.wrapAndCopyInto(AbstractPipeline.java:471)
	at java.util.stream.ForEachOps$ForEachOp.evaluateSequential(ForEachOps.java:151)
	at java.util.stream.ForEachOps$ForEachOp$OfRef.evaluateSequential(ForEachOps.java:174)
	at java.util.stream.AbstractPipeline.evaluate(AbstractPipeline.java:234)
	at java.util.stream.ReferencePipeline.forEach(ReferencePipeline.java:418)
	at org.junit.vintage.engine.VintageTestEngine.executeAllChildren(VintageTestEngine.java:79)
	at org.junit.vintage.engine.VintageTestEngine.execute(VintageTestEngine.java:70)
	at org.junit.platform.launcher.core.DefaultLauncher.execute(DefaultLauncher.java:170)
	at org.junit.platform.launcher.core.DefaultLauncher.execute(DefaultLauncher.java:154)
	at org.junit.platform.launcher.core.DefaultLauncher.execute(DefaultLauncher.java:90)
	at com.intellij.junit5.JUnit5IdeaTestRunner.startRunnerWithArgs(JUnit5IdeaTestRunner.java:74)
	at com.intellij.rt.execution.junit.IdeaTestRunner$Repeater.startRunnerWithArgs(IdeaTestRunner.java:47)
	at com.intellij.rt.execution.junit.JUnitStarter.prepareStreamsAndStart(JUnitStarter.java:242)
	at com.intellij.rt.execution.junit.JUnitStarter.main(JUnitStarter.java:70)
Caused by: org.openqa.selenium.NoSuchElementException: no such element: Unable to locate element: {"method":"xpath","selector":".//span[@data-translate='aside.nav.ACCOUNTS']"}
  (Session info: chrome=73.0.3683.103)
  (Driver info: chromedriver=2.37.544315 (730aa6a5fdba159ac9f4c1e8cbc59bf1b5ce12b7),platform=Windows NT 10.0.17763 x86_64) (WARNING: The server did not provide any stacktrace information)
Command duration or timeout: 0 milliseconds
For documentation on this error, please visit: https://www.seleniumhq.org/exceptions/no_such_element.html
Build info: version: '3.141.59', revision: 'e82be7d358', time: '2018-11-14T08:17:03'
System info: host: 'DMYTRO-KUTS', ip: '10.10.10.132', os.name: 'Windows 10', os.arch: 'amd64', os.version: '10.0', java.version: '1.8.0_191'
Driver info: org.openqa.selenium.chrome.ChromeDriver
Capabilities {acceptInsecureCerts: false, acceptSslCerts: false, applicationCacheEnabled: false, browserConnectionEnabled: false, browserName: chrome, chrome: {chromedriverVersion: 2.37.544315 (730aa6a5fdba15..., userDataDir: C:\Users\DMYTRO~1.KUT\AppDa...}, cssSelectorsEnabled: true, databaseEnabled: false, handlesAlerts: true, hasTouchScreen: false, javascriptEnabled: true, locationContextEnabled: true, mobileEmulationEnabled: false, nativeEvents: true, networkConnectionEnabled: false, pageLoadStrategy: normal, platform: XP, platformName: XP, rotatable: false, setWindowRect: true, takesHeapSnapshot: true, takesScreenshot: true, unexpectedAlertBehaviour: , unhandledPromptBehavior: , version: 73.0.3683.103, webStorageEnabled: true}
Session ID: 74e8cf43eff01d001709e30a111a49c0
*** Element info: {Using=xpath, value=.//span[@data-translate='aside.nav.ACCOUNTS']}
	at sun.reflect.NativeConstructorAccessorImpl.newInstance0(Native Method)
	at sun.reflect.NativeConstructorAccessorImpl.newInstance(NativeConstructorAccessorImpl.java:62)
	at sun.reflect.DelegatingConstructorAccessorImpl.newInstance(DelegatingConstructorAccessorImpl.java:45)
	at java.lang.reflect.Constructor.newInstance(Constructor.java:423)
	at org.openqa.selenium.remote.ErrorHandler.createThrowable(ErrorHandler.java:214)
	at org.openqa.selenium.remote.ErrorHandler.throwIfResponseFailed(ErrorHandler.java:166)
	at org.openqa.selenium.remote.http.JsonHttpResponseCodec.reconstructValue(JsonHttpResponseCodec.java:40)
	at org.openqa.selenium.remote.http.AbstractHttpResponseCodec.decode(AbstractHttpResponseCodec.java:80)
	at org.openqa.selenium.remote.http.AbstractHttpResponseCodec.decode(AbstractHttpResponseCodec.java:44)
	at org.openqa.selenium.remote.HttpCommandExecutor.execute(HttpCommandExecutor.java:158)
	at org.openqa.selenium.remote.service.DriverCommandExecutor.execute(DriverCommandExecutor.java:83)
	at org.openqa.selenium.remote.RemoteWebDriver.execute(RemoteWebDriver.java:552)
	at org.openqa.selenium.remote.RemoteWebDriver.findElement(RemoteWebDriver.java:323)
	at org.openqa.selenium.remote.RemoteWebDriver.findElementByXPath(RemoteWebDriver.java:428)
	at org.openqa.selenium.By$ByXPath.findElement(By.java:353)
	at org.openqa.selenium.remote.RemoteWebDriver.findElement(RemoteWebDriver.java:315)
	at org.openqa.selenium.support.pagefactory.DefaultElementLocator.findElement(DefaultElementLocator.java:69)
	at org.openqa.selenium.support.pagefactory.internal.LocatingElementHandler.invoke(LocatingElementHandler.java:38)
	at com.sun.proxy.$Proxy15.isDisplayed(Unknown Source)
	at org.openqa.selenium.support.ui.ExpectedConditions.elementIfVisible(ExpectedConditions.java:314)
	at org.openqa.selenium.support.ui.ExpectedConditions.access$000(ExpectedConditions.java:43)
	at org.openqa.selenium.support.ui.ExpectedConditions$10.apply(ExpectedConditions.java:300)
	at org.openqa.selenium.support.ui.ExpectedConditions$10.apply(ExpectedConditions.java:297)
	at org.openqa.selenium.support.ui.ExpectedConditions$23.apply(ExpectedConditions.java:670)
	at org.openqa.selenium.support.ui.ExpectedConditions$23.apply(ExpectedConditions.java:666)
	at org.openqa.selenium.support.ui.FluentWait.until(FluentWait.java:249)
	... 42 more

2019-15-04 15:30:57   INFO [pages.LoginPage] : Login page was open
2019-15-04 15:30:58   INFO [ActionsWithOurElements] : test187@t.com was inputed in to input [[ChromeDriver: chrome on XP (a851cc907da78893b923eb2427655498)] -> name: login]
2019-15-04 15:30:58   INFO [ActionsWithOurElements] : qwerty was inputed in to input [[ChromeDriver: chrome on XP (a851cc907da78893b923eb2427655498)] -> name: loginpass]
2019-15-04 15:30:59   INFO [ActionsWithOurElements] : Elemet was clicked [[ChromeDriver: chrome on XP (a851cc907da78893b923eb2427655498)] -> xpath: .//form[ contains(@class ,'ng-valid-email')]/button[contains(@class,'btn-login')]]
2019-15-04 15:31:01   INFO [ActionsWithOurElements] : Elemet was clicked [[ChromeDriver: chrome on XP (a851cc907da78893b923eb2427655498)] -> xpath: .//span[@data-translate='aside.nav.CORRESPONDENTS']]
2019-15-04 15:31:11  ERROR [ActionsWithOurElements] : Can not work with element
2019-15-04 15:31:11  ERROR [ActionsWithOurElements] : org.openqa.selenium.NoSuchWindowException: no such window: target window already closed
from unknown error: web view not found
  (Session info: chrome=73.0.3683.103)
  (Driver info: chromedriver=2.37.544315 (730aa6a5fdba159ac9f4c1e8cbc59bf1b5ce12b7),platform=Windows NT 10.0.17763 x86_64) (WARNING: The server did not provide any stacktrace information)
Command duration or timeout: 0 milliseconds
Build info: version: '3.141.59', revision: 'e82be7d358', time: '2018-11-14T08:17:03'
System info: host: 'DMYTRO-KUTS', ip: '10.10.10.132', os.name: 'Windows 10', os.arch: 'amd64', os.version: '10.0', java.version: '1.8.0_191'
Driver info: org.openqa.selenium.chrome.ChromeDriver
Capabilities {acceptInsecureCerts: false, acceptSslCerts: false, applicationCacheEnabled: false, browserConnectionEnabled: false, browserName: chrome, chrome: {chromedriverVersion: 2.37.544315 (730aa6a5fdba15..., userDataDir: C:\Users\DMYTRO~1.KUT\AppDa...}, cssSelectorsEnabled: true, databaseEnabled: false, handlesAlerts: true, hasTouchScreen: false, javascriptEnabled: true, locationContextEnabled: true, mobileEmulationEnabled: false, nativeEvents: true, networkConnectionEnabled: false, pageLoadStrategy: normal, platform: XP, platformName: XP, rotatable: false, setWindowRect: true, takesHeapSnapshot: true, takesScreenshot: true, unexpectedAlertBehaviour: , unhandledPromptBehavior: , version: 73.0.3683.103, webStorageEnabled: true}
Session ID: a851cc907da78893b923eb2427655498
*** Element info: {Using=xpath, value=.//*[@class='fa fa-chevron-right']}
	at sun.reflect.GeneratedConstructorAccessor15.newInstance(Unknown Source)
	at sun.reflect.DelegatingConstructorAccessorImpl.newInstance(DelegatingConstructorAccessorImpl.java:45)
	at java.lang.reflect.Constructor.newInstance(Constructor.java:423)
	at org.openqa.selenium.remote.ErrorHandler.createThrowable(ErrorHandler.java:214)
	at org.openqa.selenium.remote.ErrorHandler.throwIfResponseFailed(ErrorHandler.java:166)
	at org.openqa.selenium.remote.http.JsonHttpResponseCodec.reconstructValue(JsonHttpResponseCodec.java:40)
	at org.openqa.selenium.remote.http.AbstractHttpResponseCodec.decode(AbstractHttpResponseCodec.java:80)
	at org.openqa.selenium.remote.http.AbstractHttpResponseCodec.decode(AbstractHttpResponseCodec.java:44)
	at org.openqa.selenium.remote.HttpCommandExecutor.execute(HttpCommandExecutor.java:158)
	at org.openqa.selenium.remote.service.DriverCommandExecutor.execute(DriverCommandExecutor.java:83)
	at org.openqa.selenium.remote.RemoteWebDriver.execute(RemoteWebDriver.java:552)
	at org.openqa.selenium.remote.RemoteWebDriver.findElement(RemoteWebDriver.java:323)
	at org.openqa.selenium.remote.RemoteWebDriver.findElementByXPath(RemoteWebDriver.java:428)
	at org.openqa.selenium.By$ByXPath.findElement(By.java:353)
	at org.openqa.selenium.remote.RemoteWebDriver.findElement(RemoteWebDriver.java:315)
	at org.openqa.selenium.support.pagefactory.DefaultElementLocator.findElement(DefaultElementLocator.java:69)
	at org.openqa.selenium.support.pagefactory.internal.LocatingElementHandler.invoke(LocatingElementHandler.java:38)
	at com.sun.proxy.$Proxy15.toString(Unknown Source)
	at java.lang.String.valueOf(String.java:2994)
	at java.lang.StringBuilder.append(StringBuilder.java:131)
	at org.openqa.selenium.support.ui.ExpectedConditions$23.toString(ExpectedConditions.java:683)
	at java.lang.String.valueOf(String.java:2994)
	at java.lang.StringBuilder.append(StringBuilder.java:131)
	at org.openqa.selenium.support.ui.FluentWait.until(FluentWait.java:268)
	at libs.ActionsWithOurElements.clickOnElement(ActionsWithOurElements.java:86)
	at pages.CorrespondentsPage.clickOnRecipientChevron(CorrespondentsPage.java:27)
	at correspondentsTests.OpenCorrMenuAndShowInfo.openCorrMenuAndShowInfo(OpenCorrMenuAndShowInfo.java:16)
	at sun.reflect.NativeMethodAccessorImpl.invoke0(Native Method)
	at sun.reflect.NativeMethodAccessorImpl.invoke(NativeMethodAccessorImpl.java:62)
	at sun.reflect.DelegatingMethodAccessorImpl.invoke(DelegatingMethodAccessorImpl.java:43)
	at java.lang.reflect.Method.invoke(Method.java:498)
	at org.junit.runners.model.FrameworkMethod$1.runReflectiveCall(FrameworkMethod.java:50)
	at org.junit.internal.runners.model.ReflectiveCallable.run(ReflectiveCallable.java:12)
	at org.junit.runners.model.FrameworkMethod.invokeExplosively(FrameworkMethod.java:47)
	at org.junit.internal.runners.statements.InvokeMethod.evaluate(InvokeMethod.java:17)
	at org.junit.runners.ParentRunner.runLeaf(ParentRunner.java:325)
	at org.junit.runners.BlockJUnit4ClassRunner.runChild(BlockJUnit4ClassRunner.java:78)
	at org.junit.runners.BlockJUnit4ClassRunner.runChild(BlockJUnit4ClassRunner.java:57)
	at org.junit.runners.ParentRunner$3.run(ParentRunner.java:290)
	at org.junit.runners.ParentRunner$1.schedule(ParentRunner.java:71)
	at org.junit.runners.ParentRunner.runChildren(ParentRunner.java:288)
	at org.junit.runners.ParentRunner.access$000(ParentRunner.java:58)
	at org.junit.runners.ParentRunner$2.evaluate(ParentRunner.java:268)
	at org.junit.runners.ParentRunner.run(ParentRunner.java:363)
	at org.junit.runner.JUnitCore.run(JUnitCore.java:137)
	at org.junit.runner.JUnitCore.run(JUnitCore.java:115)
	at org.junit.vintage.engine.execution.RunnerExecutor.execute(RunnerExecutor.java:39)
	at java.util.stream.ForEachOps$ForEachOp$OfRef.accept(ForEachOps.java:184)
	at java.util.stream.ReferencePipeline$3$1.accept(ReferencePipeline.java:193)
	at java.util.Iterator.forEachRemaining(Iterator.java:116)
	at java.util.Spliterators$IteratorSpliterator.forEachRemaining(Spliterators.java:1801)
	at java.util.stream.AbstractPipeline.copyInto(AbstractPipeline.java:481)
	at java.util.stream.AbstractPipeline.wrapAndCopyInto(AbstractPipeline.java:471)
	at java.util.stream.ForEachOps$ForEachOp.evaluateSequential(ForEachOps.java:151)
	at java.util.stream.ForEachOps$ForEachOp$OfRef.evaluateSequential(ForEachOps.java:174)
	at java.util.stream.AbstractPipeline.evaluate(AbstractPipeline.java:234)
	at java.util.stream.ReferencePipeline.forEach(ReferencePipeline.java:418)
	at org.junit.vintage.engine.VintageTestEngine.executeAllChildren(VintageTestEngine.java:79)
	at org.junit.vintage.engine.VintageTestEngine.execute(VintageTestEngine.java:70)
	at org.junit.platform.launcher.core.DefaultLauncher.execute(DefaultLauncher.java:170)
	at org.junit.platform.launcher.core.DefaultLauncher.execute(DefaultLauncher.java:154)
	at org.junit.platform.launcher.core.DefaultLauncher.execute(DefaultLauncher.java:90)
	at com.intellij.junit5.JUnit5IdeaTestRunner.startRunnerWithArgs(JUnit5IdeaTestRunner.java:74)
	at com.intellij.rt.execution.junit.IdeaTestRunner$Repeater.startRunnerWithArgs(IdeaTestRunner.java:47)
	at com.intellij.rt.execution.junit.JUnitStarter.prepareStreamsAndStart(JUnitStarter.java:242)
	at com.intellij.rt.execution.junit.JUnitStarter.main(JUnitStarter.java:70)

2019-15-04 15:31:21   INFO [pages.LoginPage] : Login page was open
2019-15-04 15:31:22   INFO [ActionsWithOurElements] : abr@ub.com was inputed in to input [[ChromeDriver: chrome on XP (f553e1c82988bf0c43d9ee4f0fd16b28)] -> name: login]
2019-15-04 15:31:22   INFO [ActionsWithOurElements] : qwerty was inputed in to input [[ChromeDriver: chrome on XP (f553e1c82988bf0c43d9ee4f0fd16b28)] -> name: loginpass]
2019-15-04 15:31:23   INFO [ActionsWithOurElements] : Elemet was clicked [[ChromeDriver: chrome on XP (f553e1c82988bf0c43d9ee4f0fd16b28)] -> xpath: .//form[ contains(@class ,'ng-valid-email')]/button[contains(@class,'btn-login')]]
2019-15-04 15:31:23   INFO [ActionsWithOurElements] : Is Element Present ? - true
